{"D:\\OTUS\\otus-weather-forecast\\src\\workWithList.js": {"path":"D:\\OTUS\\otus-weather-forecast\\src\\workWithList.js","all":false,"statementMap":{"0":{"start":{"line":1,"column":0},"end":{"line":1,"column":38}},"1":{"start":{"line":2,"column":0},"end":{"line":2,"column":53}},"2":{"start":{"line":3,"column":0},"end":{"line":3,"column":3}},"3":{"start":{"line":4,"column":0},"end":{"line":4,"column":2}},"4":{"start":{"line":5,"column":0},"end":{"line":5,"column":33}},"5":{"start":{"line":6,"column":0},"end":{"line":6,"column":56}},"6":{"start":{"line":7,"column":0},"end":{"line":7,"column":39}},"7":{"start":{"line":8,"column":0},"end":{"line":8,"column":3}}},"s":{"0":1,"1":2,"2":2,"3":1,"4":1,"5":1,"6":1,"7":1},"branchMap":{"0":{"type":"branch","line":1,"loc":{"start":{"line":1,"column":7},"end":{"line":3,"column":3}},"locations":[{"start":{"line":1,"column":7},"end":{"line":3,"column":3}}]},"1":{"type":"branch","line":5,"loc":{"start":{"line":5,"column":9},"end":{"line":8,"column":3}},"locations":[{"start":{"line":5,"column":9},"end":{"line":8,"column":3}}]},"2":{"type":"branch","line":7,"loc":{"start":{"line":7,"column":11},"end":{"line":7,"column":33}},"locations":[{"start":{"line":7,"column":11},"end":{"line":7,"column":33}}]}},"b":{"0":[2],"1":[1],"2":[0]},"fnMap":{"0":{"name":"saveList","decl":{"start":{"line":1,"column":7},"end":{"line":3,"column":3}},"loc":{"start":{"line":1,"column":7},"end":{"line":3,"column":3}},"line":1},"1":{"name":"readList","decl":{"start":{"line":5,"column":9},"end":{"line":8,"column":3}},"loc":{"start":{"line":5,"column":9},"end":{"line":8,"column":3}},"line":5}},"f":{"0":2,"1":1}}
}
