{
  "D:\\OTUS\\otus-weather-forecast\\src\\workWithList.js": {
    "path": "D:\\OTUS\\otus-weather-forecast\\src\\workWithList.js",
    "all": false,
    "statementMap": {
      "0": {
        "start": { "line": 1, "column": 0 },
        "end": { "line": 1, "column": 38 }
      },
      "1": {
        "start": { "line": 2, "column": 0 },
        "end": { "line": 2, "column": 51 }
      },
      "2": {
        "start": { "line": 3, "column": 0 },
        "end": { "line": 3, "column": 1 }
      },
      "3": {
        "start": { "line": 4, "column": 0 },
        "end": { "line": 4, "column": 0 }
      },
      "4": {
        "start": { "line": 5, "column": 0 },
        "end": { "line": 5, "column": 31 }
      },
      "5": {
        "start": { "line": 6, "column": 0 },
        "end": { "line": 6, "column": 54 }
      },
      "6": {
        "start": { "line": 7, "column": 0 },
        "end": { "line": 7, "column": 37 }
      },
      "7": {
        "start": { "line": 8, "column": 0 },
        "end": { "line": 8, "column": 1 }
      }
    },
    "s": { "0": 1, "1": 2, "2": 2, "3": 1, "4": 1, "5": 1, "6": 1, "7": 1 },
    "branchMap": {
      "0": {
        "type": "branch",
        "line": 1,
        "loc": {
          "start": { "line": 1, "column": 7 },
          "end": { "line": 3, "column": 1 }
        },
        "locations": [
          {
            "start": { "line": 1, "column": 7 },
            "end": { "line": 3, "column": 1 }
          }
        ]
      },
      "1": {
        "type": "branch",
        "line": 5,
        "loc": {
          "start": { "line": 5, "column": 7 },
          "end": { "line": 8, "column": 1 }
        },
        "locations": [
          {
            "start": { "line": 5, "column": 7 },
            "end": { "line": 8, "column": 1 }
          }
        ]
      },
      "2": {
        "type": "branch",
        "line": 7,
        "loc": {
          "start": { "line": 7, "column": 9 },
          "end": { "line": 7, "column": 31 }
        },
        "locations": [
          {
            "start": { "line": 7, "column": 9 },
            "end": { "line": 7, "column": 31 }
          }
        ]
      }
    },
    "b": { "0": [2], "1": [1], "2": [0] },
    "fnMap": {
      "0": {
        "name": "saveList",
        "decl": {
          "start": { "line": 1, "column": 7 },
          "end": { "line": 3, "column": 1 }
        },
        "loc": {
          "start": { "line": 1, "column": 7 },
          "end": { "line": 3, "column": 1 }
        },
        "line": 1
      },
      "1": {
        "name": "readList",
        "decl": {
          "start": { "line": 5, "column": 7 },
          "end": { "line": 8, "column": 1 }
        },
        "loc": {
          "start": { "line": 5, "column": 7 },
          "end": { "line": 8, "column": 1 }
        },
        "line": 5
      }
    },
    "f": { "0": 2, "1": 1 }
  }
}